<?xml version="1.0" encoding="UTF-8"?>
<!-- Generated by org.testng.reporters.JUnitXMLReporter -->
<testsuite ignored="0" hostname="DESKTOP-HRGUEQ0" failures="0" tests="4" name="Test" time="0.172" errors="0" timestamp="2022-11-25T10:34:07 IST">
  <testcase classname="practice_test.Sample4Test" name="tc4" time="0.02"/>
  <testcase classname="practice_test.Sample3Test" name="Tc3" time="0.004"/>
  <testcase classname="practice_test.Sample1Test" name="tc1" time="0.003"/>
  <testcase classname="practice_test.Sample2Test" name="Tc2" time="0.003"/>
</testsuite> <!-- Test -->
