<?xml version="1.0" encoding="UTF-8"?>
<!-- Generated by org.testng.reporters.JUnitXMLReporter -->
<testsuite ignored="0" hostname="DESKTOP-HRGUEQ0" failures="0" tests="4" name="Test" time="0.195" errors="0" timestamp="2022-11-25T11:50:37 IST">
  <testcase classname="practice_test.Sample4Test" name="tc4" time="0.022"/>
  <testcase classname="practice_test.Sample3Test" name="Tc3" time="0.005"/>
  <testcase classname="practice_test.Sample1Test" name="tc1" time="0.004"/>
  <testcase classname="practice_test.Sample2Test" name="Tc2" time="0.007"/>
</testsuite> <!-- Test -->
