<?xml version="1.0" encoding="UTF-8"?>
<testng-results ignored="0" total="4" passed="4" failed="0" skipped="0">
  <reporter-output>
  </reporter-output>
  <suite started-at="2022-11-25T11:50:37 IST" name="Suite" finished-at="2022-11-25T11:50:37 IST" duration-ms="195">
    <groups>
    </groups>
    <test started-at="2022-11-25T11:50:37 IST" name="Test" finished-at="2022-11-25T11:50:37 IST" duration-ms="195">
      <class name="practice_test.Sample4Test">
        <test-method signature="tc4()[pri:0, instance:practice_test.Sample4Test@14555e0a]" started-at="2022-11-25T11:50:37 IST" name="tc4" finished-at="2022-11-25T11:50:37 IST" duration-ms="22" status="PASS">
          <reporter-output>
          </reporter-output>
        </test-method> <!-- tc4 -->
      </class> <!-- practice_test.Sample4Test -->
      <class name="practice_test.Sample2Test">
        <test-method signature="Tc2()[pri:0, instance:practice_test.Sample2Test@156b88f5]" started-at="2022-11-25T11:50:37 IST" name="Tc2" finished-at="2022-11-25T11:50:37 IST" duration-ms="7" status="PASS">
          <reporter-output>
          </reporter-output>
        </test-method> <!-- Tc2 -->
      </class> <!-- practice_test.Sample2Test -->
      <class name="practice_test.Sample3Test">
        <test-method signature="Tc3()[pri:0, instance:practice_test.Sample3Test@bd4dc25]" started-at="2022-11-25T11:50:37 IST" name="Tc3" finished-at="2022-11-25T11:50:37 IST" duration-ms="5" status="PASS">
          <reporter-output>
          </reporter-output>
        </test-method> <!-- Tc3 -->
      </class> <!-- practice_test.Sample3Test -->
      <class name="practice_test.Sample1Test">
        <test-method signature="tc1()[pri:0, instance:practice_test.Sample1Test@25084a1e]" started-at="2022-11-25T11:50:37 IST" name="tc1" finished-at="2022-11-25T11:50:37 IST" duration-ms="4" status="PASS">
          <reporter-output>
          </reporter-output>
        </test-method> <!-- tc1 -->
      </class> <!-- practice_test.Sample1Test -->
    </test> <!-- Test -->
  </suite> <!-- Suite -->
</testng-results>
